TN:
SF:backend/src/middlewares/jwt-middleware.js
FN:8,validToken
FNF:1
FNH:1
FNDA:68,validToken
DA:1,3
DA:2,3
DA:3,3
DA:5,3
DA:9,68
DA:10,68
DA:12,68
DA:13,6
DA:14,6
DA:17,62
DA:20,62
DA:21,62
DA:22,3
DA:23,3
DA:27,59
DA:28,59
DA:30,58
DA:31,2
DA:32,2
DA:36,56
DA:37,56
DA:38,1
DA:39,1
DA:40,1
DA:43,56
DA:44,56
DA:45,56
DA:47,12
DA:51,3
LF:29
LH:29
BRDA:12,0,0,6
BRDA:12,0,1,62
BRDA:21,1,0,3
BRDA:21,1,1,59
BRDA:30,2,0,2
BRDA:30,2,1,56
BRDA:30,3,0,58
BRDA:30,3,1,57
BRDA:37,4,0,1
BRDA:37,4,1,55
BRF:10
BRH:10
end_of_record
TN:
SF:backend/src/middlewares/rate-limit-middleware.js
FNF:0
FNH:0
DA:1,2
DA:3,2
DA:5,2
DA:11,2
LF:4
LH:4
BRDA:3,0,0,2
BRDA:3,0,1,0
BRDA:7,1,0,2
BRDA:7,1,1,0
BRF:4
BRH:2
end_of_record
TN:
SF:backend/src/middlewares/role-middleware.js
FN:4,authorizeRoles
FN:5,(anonymous_1)
FNF:2
FNH:2
FNDA:34,authorizeRoles
FNDA:53,(anonymous_1)
DA:1,3
DA:5,34
DA:6,53
DA:8,53
DA:9,1
DA:10,1
DA:14,52
DA:15,3
DA:16,3
DA:19,49
DA:21,0
DA:26,3
LF:12
LH:11
BRDA:4,0,0,1
BRDA:8,1,0,1
BRDA:8,1,1,52
BRDA:14,2,0,3
BRDA:14,2,1,49
BRF:5
BRH:5
end_of_record
TN:
SF:backend/src/modules/appointment/appointment-controller.js
FN:6,(anonymous_0)
FN:23,(anonymous_1)
FN:32,(anonymous_2)
FN:43,(anonymous_3)
FNF:4
FNH:4
FNDA:6,(anonymous_0)
FNDA:2,(anonymous_1)
FNDA:5,(anonymous_2)
FNDA:2,(anonymous_3)
DA:1,3
DA:2,3
DA:3,3
DA:7,6
DA:8,6
DA:15,6
DA:16,4
DA:18,2
DA:19,2
DA:24,2
DA:25,2
DA:26,1
DA:28,1
DA:33,5
DA:34,5
DA:37,4
DA:39,1
DA:44,2
DA:45,2
DA:50,1
DA:52,1
DA:57,3
LF:22
LH:22
BRDA:9,0,0,6
BRDA:9,0,1,0
BRDA:11,1,0,0
BRDA:11,1,1,6
BRDA:34,2,0,3
BRDA:34,2,1,2
BRF:6
BRH:4
end_of_record
TN:
SF:backend/src/modules/appointment/appointment-routes.js
FNF:0
FNH:0
DA:1,2
DA:2,2
DA:3,2
DA:4,2
DA:6,2
DA:9,2
DA:12,2
DA:15,2
DA:18,2
DA:20,2
LF:10
LH:10
BRF:0
BRH:0
end_of_record
TN:
SF:backend/src/modules/appointment/appointment-service.js
FN:10,normalizeDay
FN:17,localDateParts
FN:26,(anonymous_2)
FN:34,addHour
FN:39,ownsAppointment
FN:48,(anonymous_5)
FN:70,(anonymous_6)
FN:98,(anonymous_7)
FN:113,(anonymous_8)
FN:123,(anonymous_9)
FN:127,(anonymous_10)
FNF:11
FNH:11
FNDA:65,normalizeDay
FNDA:9,localDateParts
FNDA:45,(anonymous_2)
FNDA:9,addHour
FNDA:12,ownsAppointment
FNDA:15,(anonymous_5)
FNDA:8,(anonymous_6)
FNDA:9,(anonymous_7)
FNDA:5,(anonymous_8)
FNDA:1,(anonymous_9)
FNDA:1,(anonymous_10)
DA:1,3
DA:2,3
DA:3,3
DA:4,3
DA:5,3
DA:7,3
DA:8,3
DA:11,65
DA:18,9
DA:25,9
DA:26,45
DA:28,9
DA:35,9
DA:36,9
DA:40,12
DA:49,15
DA:50,15
DA:51,15
DA:52,14
DA:53,1
DA:56,13
DA:57,13
DA:59,12
DA:60,12
DA:61,11
DA:63,9
DA:64,9
DA:65,9
DA:67,9
DA:69,8
DA:70,8
DA:72,8
DA:74,7
DA:80,7
DA:82,5
DA:93,5
DA:94,5
DA:95,5
DA:99,9
DA:100,9
DA:101,8
DA:102,7
DA:104,6
DA:105,4
DA:106,3
DA:108,2
DA:109,2
DA:110,2
DA:114,5
DA:115,5
DA:116,4
DA:118,2
DA:119,2
DA:120,2
DA:124,1
DA:128,1
DA:132,3
LF:57
LH:57
BRDA:7,0,0,3
BRDA:7,0,1,1
BRDA:41,1,0,12
BRDA:41,1,1,6
BRDA:41,1,2,8
BRDA:41,1,3,6
BRDA:51,2,0,1
BRDA:51,2,1,14
BRDA:52,3,0,1
BRDA:52,3,1,13
BRDA:57,4,0,1
BRDA:57,4,1,12
BRDA:60,5,0,1
BRDA:60,5,1,11
BRDA:61,6,0,2
BRDA:61,6,1,9
BRDA:67,7,0,1
BRDA:67,7,1,8
BRDA:70,8,0,8
BRDA:70,8,1,7
BRDA:72,9,0,1
BRDA:72,9,1,7
BRDA:80,10,0,2
BRDA:80,10,1,5
BRDA:100,11,0,1
BRDA:100,11,1,8
BRDA:101,12,0,1
BRDA:101,12,1,7
BRDA:102,13,0,1
BRDA:102,13,1,6
BRDA:104,14,0,2
BRDA:104,14,1,4
BRDA:104,15,0,6
BRDA:104,15,1,2
BRDA:105,16,0,1
BRDA:105,16,1,3
BRDA:106,17,0,1
BRDA:106,17,1,2
BRDA:115,18,0,1
BRDA:115,18,1,4
BRDA:116,19,0,2
BRDA:116,19,1,2
BRF:42
BRH:42
end_of_record
TN:
SF:backend/src/modules/appointment/models/appointment.js
FNF:0
FNH:0
DA:1,2
DA:3,2
DA:18,2
DA:19,2
DA:21,2
LF:5
LH:5
BRF:0
BRH:0
end_of_record
TN:
SF:backend/src/modules/auth/auth-controller.js
FN:7,(anonymous_0)
FN:27,(anonymous_1)
FNF:2
FNH:2
FNDA:14,(anonymous_0)
FNDA:3,(anonymous_1)
DA:1,3
DA:2,3
DA:3,3
DA:8,14
DA:9,14
DA:10,14
DA:12,13
DA:19,13
DA:21,1
DA:22,1
DA:28,3
DA:29,3
DA:30,3
DA:32,2
DA:33,2
DA:35,1
DA:37,1
DA:42,1
DA:44,2
DA:45,2
DA:50,3
LF:21
LH:21
BRDA:30,0,0,1
BRDA:30,0,1,2
BRDA:33,1,0,1
BRDA:33,1,1,1
BRF:4
BRH:4
end_of_record
TN:
SF:backend/src/modules/auth/auth-routes.js
FNF:0
FNH:0
DA:1,2
DA:2,2
DA:3,2
DA:4,2
DA:6,2
DA:9,2
DA:12,2
DA:14,2
LF:8
LH:8
BRF:0
BRH:0
end_of_record
TN:
SF:backend/src/modules/auth/auth-service.js
FN:8,(anonymous_0)
FN:30,(anonymous_1)
FNF:2
FNH:2
FNDA:16,(anonymous_0)
FNDA:4,(anonymous_1)
DA:1,4
DA:2,4
DA:3,4
DA:4,4
DA:9,16
DA:11,16
DA:12,16
DA:13,1
DA:14,1
DA:17,15
DA:19,14
DA:21,14
DA:22,14
DA:23,14
DA:25,14
DA:26,14
DA:31,4
DA:32,1
DA:33,1
DA:36,3
DA:37,3
DA:38,1
DA:39,1
DA:42,2
DA:43,2
DA:44,2
DA:48,4
LF:27
LH:27
BRDA:12,0,0,1
BRDA:12,0,1,15
BRDA:31,1,0,1
BRDA:31,1,1,3
BRDA:37,2,0,1
BRDA:37,2,1,2
BRF:6
BRH:6
end_of_record
TN:
SF:backend/src/modules/auth/strategies/jwt-strategy.js
FN:9,(anonymous_0)
FN:23,(anonymous_1)
FN:37,(anonymous_2)
FNF:3
FNH:3
FNDA:46,(anonymous_0)
FNDA:57,(anonymous_1)
FNDA:1,(anonymous_2)
DA:1,3
DA:2,3
DA:4,3
DA:5,3
DA:10,46
DA:15,46
DA:16,46
DA:17,46
DA:19,46
DA:24,57
DA:25,57
DA:26,56
DA:27,56
DA:29,56
DA:30,55
DA:32,1
DA:38,1
DA:39,1
DA:43,3
LF:19
LH:19
BRDA:29,0,0,1
BRDA:29,0,1,55
BRDA:29,1,0,56
BRDA:29,1,1,55
BRF:4
BRH:4
end_of_record
TN:
SF:backend/src/modules/auth/strategies/password-strategy.js
FN:15,(anonymous_0)
FN:20,(anonymous_1)
FNF:2
FNH:2
FNDA:17,(anonymous_0)
FNDA:2,(anonymous_1)
DA:1,3
DA:3,3
DA:16,17
DA:21,2
DA:22,2
DA:24,1
DA:29,3
LF:7
LH:7
BRF:0
BRH:0
end_of_record
TN:
SF:backend/src/modules/auth/validators/auth-validator.js
FN:5,(anonymous_0)
FN:27,(anonymous_1)
FN:36,(anonymous_2)
FNF:3
FNH:3
FNDA:19,(anonymous_0)
FNDA:16,(anonymous_1)
FNDA:15,(anonymous_2)
DA:1,4
DA:2,4
DA:6,19
DA:7,2
DA:8,2
DA:11,17
DA:12,17
DA:13,1
DA:14,1
DA:18,16
DA:19,16
DA:20,1
DA:21,1
DA:24,15
DA:28,16
DA:29,16
DA:30,2
DA:31,2
DA:33,14
DA:37,15
DA:38,1
DA:39,1
DA:41,14
DA:45,4
LF:24
LH:24
BRDA:6,0,0,2
BRDA:6,0,1,17
BRDA:6,1,0,19
BRDA:6,1,1,18
BRDA:12,2,0,1
BRDA:12,2,1,16
BRDA:19,3,0,1
BRDA:19,3,1,15
BRDA:29,4,0,2
BRDA:29,4,1,14
BRDA:37,5,0,1
BRDA:37,5,1,14
BRF:12
BRH:12
end_of_record
TN:
SF:backend/src/modules/availability/models/availability.js
FNF:0
FNH:0
DA:1,2
DA:3,2
DA:8,2
DA:13,2
LF:4
LH:4
BRF:0
BRH:0
end_of_record
TN:
SF:backend/src/modules/cart/cart-controller.js
FN:7,(anonymous_0)
FN:23,(anonymous_1)
FN:36,(anonymous_2)
FN:52,(anonymous_3)
FNF:4
FNH:4
FNDA:3,(anonymous_0)
FNDA:3,(anonymous_1)
FNDA:2,(anonymous_2)
FNDA:2,(anonymous_3)
DA:1,3
DA:2,3
DA:3,3
DA:4,3
DA:8,3
DA:9,3
DA:10,3
DA:12,2
DA:13,2
DA:15,2
DA:16,2
DA:18,1
DA:19,1
DA:24,3
DA:25,3
DA:26,3
DA:28,2
DA:29,2
DA:31,1
DA:32,1
DA:37,2
DA:38,2
DA:39,2
DA:41,2
DA:42,2
DA:44,1
DA:45,1
DA:47,1
DA:48,1
DA:53,2
DA:54,2
DA:55,2
DA:57,1
DA:58,1
DA:60,1
DA:61,1
DA:66,3
LF:37
LH:37
BRDA:13,0,0,2
BRDA:13,0,1,0
BRF:2
BRH:1
end_of_record
TN:
SF:backend/src/modules/cart/cart-routes.js
FNF:0
FNH:0
DA:1,2
DA:2,2
DA:3,2
DA:5,2
DA:8,2
DA:11,2
DA:14,2
DA:17,2
DA:19,2
LF:9
LH:9
BRF:0
BRH:0
end_of_record
TN:
SF:backend/src/modules/cart/cart-service.js
FN:6,(anonymous_0)
FN:7,(anonymous_1)
FN:9,(anonymous_2)
FN:12,(anonymous_3)
FN:17,(anonymous_4)
FN:23,(anonymous_5)
FN:29,(anonymous_6)
FN:41,(anonymous_7)
FN:48,(anonymous_8)
FN:51,(anonymous_9)
FN:58,(anonymous_10)
FNF:11
FNH:11
FNDA:4,(anonymous_0)
FNDA:4,(anonymous_1)
FNDA:4,(anonymous_2)
FNDA:4,(anonymous_3)
FNDA:6,(anonymous_4)
FNDA:5,(anonymous_5)
FNDA:1,(anonymous_6)
FNDA:2,(anonymous_7)
FNDA:1,(anonymous_8)
FNDA:2,(anonymous_9)
FNDA:1,(anonymous_10)
DA:1,4
DA:2,4
DA:3,4
DA:7,4
DA:8,4
DA:9,4
DA:11,4
DA:12,4
DA:18,6
DA:19,6
DA:20,6
DA:24,5
DA:25,5
DA:27,4
DA:28,4
DA:29,1
DA:32,4
DA:33,3
DA:35,4
DA:36,4
DA:37,4
DA:38,4
DA:42,2
DA:43,2
DA:44,2
DA:45,2
DA:49,1
DA:50,1
DA:51,2
DA:53,1
DA:54,1
DA:55,1
DA:59,1
DA:60,1
DA:61,1
DA:62,1
DA:63,1
DA:67,4
LF:38
LH:38
BRDA:12,0,0,4
BRDA:12,0,1,0
BRDA:19,1,0,1
BRDA:19,1,1,5
BRDA:23,2,0,0
BRDA:25,3,0,1
BRDA:25,3,1,4
BRDA:32,4,0,1
BRDA:32,4,1,3
BRF:9
BRH:7
end_of_record
TN:
SF:backend/src/modules/cart/models/cart.js
FNF:0
FNH:0
DA:1,3
DA:3,3
DA:14,3
LF:3
LH:3
BRF:0
BRH:0
end_of_record
TN:
SF:backend/src/modules/cart/validators/cart-validator.js
FN:3,validateCartItem
FNF:1
FNH:1
FNDA:6,validateCartItem
DA:1,3
DA:4,6
DA:5,1
DA:8,5
DA:9,3
DA:10,1
DA:15,3
LF:7
LH:7
BRDA:4,0,0,1
BRDA:4,0,1,5
BRDA:4,1,0,6
BRDA:4,1,1,5
BRDA:8,2,0,3
BRDA:8,2,1,2
BRDA:9,3,0,1
BRDA:9,3,1,2
BRDA:9,4,0,3
BRDA:9,4,1,3
BRF:10
BRH:10
end_of_record
TN:
SF:backend/src/modules/post/post-controller.js
FN:9,(anonymous_0)
FN:25,(anonymous_1)
FN:36,(anonymous_2)
FN:48,(anonymous_3)
FN:64,(anonymous_4)
FNF:5
FNH:5
FNDA:11,(anonymous_0)
FNDA:4,(anonymous_1)
FNDA:2,(anonymous_2)
FNDA:2,(anonymous_3)
FNDA:2,(anonymous_4)
DA:1,4
DA:2,4
DA:3,4
DA:4,4
DA:10,11
DA:11,11
DA:12,11
DA:14,11
DA:16,5
DA:17,4
DA:19,7
DA:20,7
DA:26,4
DA:27,4
DA:28,3
DA:30,1
DA:31,1
DA:37,2
DA:38,2
DA:39,2
DA:40,1
DA:42,1
DA:43,1
DA:49,2
DA:50,2
DA:51,2
DA:53,2
DA:55,2
DA:56,1
DA:58,1
DA:59,1
DA:65,2
DA:66,2
DA:67,2
DA:68,1
DA:70,1
DA:71,1
DA:76,4
LF:38
LH:38
BRF:0
BRH:0
end_of_record
TN:
SF:backend/src/modules/post/post-routes.js
FNF:0
FNH:0
DA:1,2
DA:2,2
DA:3,2
DA:4,2
DA:6,2
DA:9,2
DA:12,2
DA:15,2
DA:18,2
DA:21,2
DA:23,2
LF:11
LH:11
BRF:0
BRH:0
end_of_record
TN:
SF:backend/src/modules/post/post-service.js
FN:8,(anonymous_0)
FN:19,(anonymous_1)
FN:26,(anonymous_2)
FN:34,(anonymous_3)
FN:52,(anonymous_4)
FNF:5
FNH:5
FNDA:10,(anonymous_0)
FNDA:3,(anonymous_1)
FNDA:2,(anonymous_2)
FNDA:7,(anonymous_3)
FNDA:3,(anonymous_4)
DA:1,4
DA:2,4
DA:3,4
DA:9,10
DA:10,10
DA:12,7
DA:13,7
DA:14,6
DA:15,6
DA:20,3
DA:27,2
DA:29,2
DA:30,1
DA:35,7
DA:36,7
DA:38,6
DA:39,1
DA:42,5
DA:43,5
DA:44,5
DA:46,5
DA:47,5
DA:48,5
DA:53,3
DA:54,3
DA:56,2
DA:57,1
DA:60,1
DA:61,1
DA:62,1
DA:66,4
LF:31
LH:31
BRDA:8,0,0,7
BRDA:10,1,0,3
BRDA:10,1,1,7
BRDA:29,2,0,1
BRDA:29,2,1,1
BRDA:36,3,0,1
BRDA:36,3,1,6
BRDA:38,4,0,1
BRDA:38,4,1,5
BRDA:42,5,0,2
BRDA:42,5,1,3
BRDA:43,6,0,2
BRDA:43,6,1,3
BRDA:44,7,0,2
BRDA:44,7,1,3
BRDA:54,8,0,1
BRDA:54,8,1,2
BRDA:56,9,0,1
BRDA:56,9,1,1
BRF:19
BRH:19
end_of_record
TN:
SF:backend/src/modules/post/models/post.js
FNF:0
FNH:0
DA:1,2
DA:3,2
DA:11,2
LF:3
LH:3
BRF:0
BRH:0
end_of_record
TN:
SF:backend/src/modules/post/validators/post-validator.js
FN:3,validatePost
FNF:1
FNH:1
FNDA:20,validatePost
DA:1,4
DA:4,20
DA:5,4
DA:8,16
DA:9,4
DA:12,12
DA:13,3
DA:16,9
DA:17,1
DA:21,4
LF:10
LH:10
BRDA:4,0,0,4
BRDA:4,0,1,16
BRDA:4,1,0,20
BRDA:4,1,1,18
BRDA:8,2,0,4
BRDA:8,2,1,12
BRDA:8,3,0,16
BRDA:8,3,1,14
BRDA:12,4,0,3
BRDA:12,4,1,9
BRDA:12,5,0,12
BRDA:12,5,1,5
BRDA:16,6,0,1
BRDA:16,6,1,8
BRDA:16,7,0,9
BRDA:16,7,1,2
BRF:16
BRH:16
end_of_record
TN:
SF:backend/src/modules/product/models/product.js
FNF:0
FNH:0
DA:1,2
DA:3,2
DA:14,2
DA:16,2
LF:4
LH:4
BRF:0
BRH:0
end_of_record
TN:
SF:backend/src/modules/user/user-controller.js
FN:7,(anonymous_0)
FN:20,(anonymous_1)
FN:34,(anonymous_2)
FN:44,(anonymous_3)
FN:54,(anonymous_4)
FN:65,(anonymous_5)
FN:77,(anonymous_6)
FN:88,(anonymous_7)
FNF:8
FNH:8
FNDA:13,(anonymous_0)
FNDA:21,(anonymous_1)
FNDA:2,(anonymous_2)
FNDA:2,(anonymous_3)
FNDA:2,(anonymous_4)
FNDA:2,(anonymous_5)
FNDA:2,(anonymous_6)
FNDA:3,(anonymous_7)
DA:1,3
DA:2,3
DA:3,3
DA:8,13
DA:9,13
DA:10,13
DA:12,12
DA:13,11
DA:15,2
DA:21,21
DA:22,21
DA:23,21
DA:25,20
DA:26,19
DA:27,5
DA:29,16
DA:35,2
DA:36,2
DA:37,1
DA:39,1
DA:45,2
DA:46,2
DA:47,1
DA:49,1
DA:55,2
DA:56,2
DA:57,2
DA:58,1
DA:60,1
DA:66,2
DA:67,2
DA:68,2
DA:69,1
DA:71,1
DA:72,1
DA:78,2
DA:79,2
DA:80,2
DA:81,1
DA:83,1
DA:89,3
DA:90,3
DA:91,3
DA:93,2
DA:94,1
DA:96,2
DA:101,3
LF:47
LH:47
BRDA:10,0,0,1
BRDA:10,0,1,12
BRDA:23,1,0,1
BRDA:23,1,1,20
BRDA:23,2,0,21
BRDA:23,2,1,4
BRDA:25,3,0,1
BRDA:25,3,1,19
BRDA:91,4,0,1
BRDA:91,4,1,2
BRF:10
BRH:10
end_of_record
TN:
SF:backend/src/modules/user/user-routes.js
FNF:0
FNH:0
DA:1,2
DA:2,2
DA:3,2
DA:4,2
DA:5,2
DA:8,2
DA:11,2
DA:14,2
DA:17,2
DA:20,2
DA:23,2
DA:26,2
DA:29,2
DA:31,2
LF:14
LH:14
BRF:0
BRH:0
end_of_record
TN:
SF:backend/src/modules/user/user-service.js
FN:11,generateCode
FN:15,(anonymous_1)
FN:21,(anonymous_2)
FN:46,(anonymous_3)
FN:51,(anonymous_4)
FN:69,(anonymous_5)
FN:74,(anonymous_6)
FN:79,(anonymous_7)
FN:88,(anonymous_8)
FN:97,(anonymous_9)
FN:115,(anonymous_10)
FNF:11
FNH:11
FNDA:5,generateCode
FNDA:30,(anonymous_1)
FNDA:18,(anonymous_2)
FNDA:25,(anonymous_3)
FNDA:48,(anonymous_4)
FNDA:1,(anonymous_5)
FNDA:1,(anonymous_6)
FNDA:4,(anonymous_7)
FNDA:2,(anonymous_8)
FNDA:6,(anonymous_9)
FNDA:6,(anonymous_10)
DA:1,5
DA:2,5
DA:3,5
DA:4,5
DA:5,5
DA:6,5
DA:7,5
DA:8,5
DA:12,5
DA:13,5
DA:15,30
DA:22,18
DA:24,18
DA:25,18
DA:27,15
DA:28,15
DA:30,13
DA:32,13
DA:33,13
DA:35,13
DA:36,13
DA:38,13
DA:39,13
DA:41,13
DA:42,13
DA:47,25
DA:48,25
DA:50,24
DA:51,48
DA:52,24
DA:54,20
DA:55,20
DA:57,8
DA:58,56
DA:59,14
DA:63,8
DA:64,7
DA:65,7
DA:70,1
DA:75,1
DA:80,4
DA:82,1
DA:83,1
DA:84,1
DA:89,2
DA:90,2
DA:92,1
DA:93,1
DA:98,6
DA:99,6
DA:101,5
DA:102,5
DA:105,5
DA:106,4
DA:109,4
DA:111,3
DA:116,6
DA:117,6
DA:119,5
DA:120,5
DA:121,3
DA:123,2
DA:124,1
DA:125,1
DA:127,1
DA:128,1
DA:130,1
DA:134,5
LF:68
LH:68
BRDA:11,0,0,0
BRDA:25,1,0,3
BRDA:25,1,1,15
BRDA:28,2,0,2
BRDA:28,2,1,13
BRDA:48,3,0,1
BRDA:48,3,1,24
BRDA:52,4,0,4
BRDA:52,4,1,20
BRDA:58,5,0,14
BRDA:58,5,1,42
BRDA:59,6,0,2
BRDA:59,6,1,12
BRDA:80,7,0,3
BRDA:80,7,1,1
BRDA:80,8,0,4
BRDA:80,8,1,2
BRDA:90,9,0,1
BRDA:90,9,1,1
BRDA:99,10,0,1
BRDA:99,10,1,5
BRDA:102,11,0,5
BRDA:102,11,1,4
BRDA:117,12,0,1
BRDA:117,12,1,5
BRDA:120,13,0,2
BRDA:120,13,1,3
BRDA:121,14,0,1
BRDA:121,14,1,2
BRF:29
BRH:28
end_of_record
TN:
SF:backend/src/modules/user/models/user.js
FNF:0
FNH:0
DA:1,2
DA:4,2
DA:20,2
LF:3
LH:3
BRF:0
BRH:0
end_of_record
TN:
SF:backend/src/modules/user/validators/user-validator.js
FN:1,validateUser
FNF:1
FNH:1
FNDA:49,validateUser
DA:2,49
DA:4,49
DA:5,47
DA:7,46
DA:8,46
DA:10,44
DA:11,44
DA:12,41
DA:13,39
DA:15,37
DA:16,37
DA:18,32
DA:19,23
DA:20,23
DA:23,29
DA:26,5
LF:16
LH:16
BRDA:1,0,0,28
BRDA:2,1,0,28
BRDA:4,2,0,2
BRDA:4,2,1,47
BRDA:5,3,0,1
BRDA:5,3,1,46
BRDA:8,4,0,2
BRDA:8,4,1,44
BRDA:11,5,0,3
BRDA:11,5,1,41
BRDA:12,6,0,2
BRDA:12,6,1,39
BRDA:13,7,0,2
BRDA:13,7,1,37
BRDA:16,8,0,5
BRDA:16,8,1,32
BRDA:16,9,0,37
BRDA:16,9,1,36
BRDA:16,9,2,35
BRDA:18,10,0,23
BRDA:18,10,1,9
BRDA:20,11,0,3
BRDA:20,11,1,20
BRDA:23,12,0,3
BRDA:23,12,1,26
BRF:25
BRH:25
end_of_record
TN:
SF:frontend/src/app/auth/sign-in/sign-in.component.ts
FN:22,(anonymous_0)
FN:34,(anonymous_1)
FN:36,(anonymous_2)
FNF:3
FNH:3
FNDA:13,(anonymous_0)
FNDA:11,(anonymous_1)
FNDA:12,(anonymous_2)
DA:17,1
DA:19,13
DA:20,13
DA:23,13
DA:24,13
DA:25,13
DA:26,13
DA:28,13
DA:34,11
DA:37,12
DA:38,11
DA:40,11
DA:41,11
DA:42,9
DA:43,9
DA:45,8
DA:47,8
DA:48,8
DA:49,8
DA:50,8
DA:51,8
DA:52,8
DA:55,8
DA:56,4
DA:57,4
DA:58,3
DA:59,3
DA:63,8
DA:65,2
DA:67,11
LF:30
LH:30
BRDA:37,0,0,1
BRDA:37,1,0,12
BRDA:37,1,1,11
BRDA:43,2,0,1
BRDA:49,3,0,8
BRDA:49,3,1,6
BRDA:49,3,2,6
BRDA:50,4,0,8
BRDA:50,4,1,6
BRDA:50,4,2,6
BRDA:51,5,0,2
BRDA:52,6,0,2
BRDA:55,7,0,4
BRDA:58,8,0,2
BRDA:59,9,0,2
BRDA:65,10,0,1
BRDA:65,10,1,1
BRDA:65,11,0,1
BRDA:65,11,1,0
BRF:19
BRH:18
end_of_record
TN:
SF:frontend/src/app/auth/sign-up/sign-up.component.ts
FN:19,passwordsMatchValidator
FN:66,(anonymous_1)
FN:79,(anonymous_2)
FN:98,(anonymous_3)
FN:101,(anonymous_4)
FN:105,(anonymous_5)
FN:120,(anonymous_6)
FN:130,(anonymous_7)
FN:133,(anonymous_8)
FN:137,(anonymous_9)
FN:142,(anonymous_10)
FN:150,(anonymous_11)
FN:164,(anonymous_12)
FN:200,(anonymous_13)
FNF:14
FNH:12
FNDA:41,passwordsMatchValidator
FNDA:1,(anonymous_1)
FNDA:16,(anonymous_2)
FNDA:89,(anonymous_3)
FNDA:1,(anonymous_4)
FNDA:5,(anonymous_5)
FNDA:4,(anonymous_6)
FNDA:2,(anonymous_7)
FNDA:2,(anonymous_8)
FNDA:6,(anonymous_9)
FNDA:0,(anonymous_10)
FNDA:4,(anonymous_11)
FNDA:8,(anonymous_12)
FNDA:0,(anonymous_13)
DA:16,1
DA:20,41
DA:21,41
DA:22,41
DA:26,1
DA:28,1
DA:37,1
DA:39,16
DA:40,16
DA:41,16
DA:43,16
DA:45,16
DA:67,1
DA:70,16
DA:71,16
DA:73,16
DA:79,16
DA:80,16
DA:99,89
DA:102,1
DA:106,5
DA:107,5
DA:108,4
DA:109,4
DA:110,4
DA:111,4
DA:112,4
DA:113,4
DA:114,4
DA:115,3
DA:116,2
DA:117,4
DA:121,4
DA:122,4
DA:123,3
DA:124,2
DA:125,1
DA:127,1
DA:131,2
DA:134,2
DA:138,6
DA:139,6
DA:140,6
DA:141,2
DA:142,0
DA:143,2
DA:144,2
DA:146,0
DA:151,4
DA:152,4
DA:153,4
DA:154,2
DA:155,2
DA:156,0
DA:158,2
DA:159,2
DA:160,0
DA:161,0
DA:165,8
DA:166,8
DA:167,8
DA:168,8
DA:170,6
DA:172,6
DA:185,6
DA:186,6
DA:187,4
DA:189,4
DA:190,2
DA:191,2
DA:192,2
DA:196,2
DA:197,2
DA:200,2
DA:202,2
DA:203,2
DA:204,2
LF:77
LH:72
BRDA:20,0,0,41
BRDA:20,0,1,0
BRDA:21,1,0,41
BRDA:21,1,1,0
BRDA:22,2,0,34
BRDA:22,2,1,7
BRDA:106,3,0,5
BRDA:106,3,1,0
BRDA:107,4,0,1
BRDA:109,5,0,3
BRDA:110,6,0,3
BRDA:110,7,0,4
BRDA:110,7,1,3
BRDA:111,8,0,2
BRDA:112,9,0,1
BRDA:114,10,0,1
BRDA:114,10,1,3
BRDA:115,11,0,1
BRDA:115,11,1,2
BRDA:116,12,0,1
BRDA:122,13,0,1
BRDA:123,14,0,1
BRDA:124,15,0,1
BRDA:138,16,0,0
BRDA:139,17,0,0
BRDA:140,18,0,4
BRDA:141,19,0,0
BRDA:142,20,0,0
BRDA:142,20,1,0
BRDA:151,21,0,4
BRDA:151,21,1,0
BRDA:152,22,0,0
BRDA:153,23,0,2
BRDA:154,24,0,0
BRDA:155,25,0,0
BRDA:158,26,0,0
BRDA:158,27,0,2
BRDA:158,27,1,2
BRDA:159,28,0,2
BRDA:160,29,0,0
BRDA:161,30,0,0
BRDA:161,30,1,0
BRDA:168,31,0,2
BRDA:173,32,0,6
BRDA:173,32,1,0
BRDA:175,33,0,6
BRDA:175,33,1,0
BRDA:176,34,0,6
BRDA:176,34,1,0
BRDA:177,35,0,6
BRDA:177,35,1,0
BRDA:179,36,0,6
BRDA:179,36,1,0
BRDA:180,37,0,6
BRDA:180,37,1,0
BRDA:181,38,0,6
BRDA:181,38,1,0
BRDA:182,39,0,6
BRDA:182,39,1,0
BRDA:189,40,0,2
BRF:60
BRH:36
end_of_record
TN:
SF:frontend/src/app/core/interceptors/auth.interceptor.ts
FN:14,(anonymous_0)
FN:14,(anonymous_1)
FN:16,(anonymous_2)
FN:36,(anonymous_3)
FNF:4
FNH:4
FNDA:2,(anonymous_0)
FNDA:6,(anonymous_1)
FNDA:3,(anonymous_2)
FNDA:3,(anonymous_3)
DA:7,1
DA:14,6
DA:16,1
DA:20,3
DA:21,3
DA:24,3
DA:25,1
DA:26,1
DA:27,1
DA:28,1
DA:35,3
DA:38,3
DA:39,2
DA:40,2
DA:41,2
DA:42,1
LF:16
LH:16
BRDA:24,0,0,1
BRDA:24,1,0,3
BRDA:24,1,1,2
BRDA:27,2,0,1
BRDA:38,3,0,2
BRDA:38,4,0,3
BRDA:38,4,1,2
BRDA:41,5,0,1
BRF:8
BRH:8
end_of_record
TN:
SF:frontend/src/app/core/state/auth-state.service.ts
FN:23,(anonymous_0)
FN:25,(anonymous_1)
FN:28,(anonymous_2)
FN:46,(anonymous_3)
FN:58,(anonymous_4)
FNF:5
FNH:5
FNDA:23,(anonymous_0)
FNDA:2,(anonymous_1)
FNDA:2,(anonymous_2)
FNDA:24,(anonymous_3)
FNDA:2,(anonymous_4)
DA:13,1
DA:14,23
DA:21,23
DA:23,23
DA:25,2
DA:29,2
DA:30,1
DA:31,1
DA:32,1
DA:33,1
DA:34,1
DA:35,1
DA:36,1
DA:38,1
DA:47,24
DA:48,24
DA:54,24
DA:59,2
LF:18
LH:18
BRDA:29,0,0,1
BRDA:40,1,0,1
BRDA:40,1,1,0
BRDA:41,2,0,1
BRDA:41,2,1,0
BRDA:49,3,0,24
BRDA:49,3,1,1
BRDA:50,4,0,24
BRDA:50,4,1,3
BRDA:51,5,0,24
BRDA:51,5,1,20
BRDA:52,6,0,24
BRDA:52,6,1,20
BRF:13
BRH:11
end_of_record
TN:
SF:frontend/src/app/core/utils/jwt.ts
FN:2,decodeJwt
FN:17,(anonymous_1)
FNF:2
FNH:2
FNDA:34,decodeJwt
FNDA:1035,(anonymous_1)
DA:3,34
DA:4,34
DA:5,34
DA:6,34
DA:8,32
DA:10,32
DA:11,32
DA:15,32
DA:17,1035
DA:20,32
DA:22,0
LF:11
LH:10
BRDA:3,0,0,0
BRDA:6,1,0,2
BRDA:10,2,0,0
BRDA:10,2,1,32
BRDA:11,3,0,32
BRDA:11,3,1,0
BRF:6
BRH:3
end_of_record
TN:
SF:frontend/src/app/guards/auth-role.guard.ts
FN:5,getToken
FN:10,getRolesFromToken
FN:19,(anonymous_2)
FN:35,(anonymous_3)
FNF:4
FNH:4
FNDA:3,getToken
FNDA:2,getRolesFromToken
FNDA:4,(anonymous_2)
FNDA:2,(anonymous_3)
DA:6,3
DA:7,3
DA:11,2
DA:12,2
DA:13,2
DA:14,2
DA:15,2
DA:16,0
DA:19,1
DA:20,4
DA:21,4
DA:24,4
DA:26,3
DA:27,3
DA:28,1
DA:29,1
DA:32,2
DA:33,2
DA:35,2
DA:36,1
DA:37,1
DA:39,1
LF:22
LH:21
BRDA:6,0,0,0
BRDA:11,1,0,0
BRDA:14,2,0,2
BRDA:14,2,1,0
BRDA:14,2,2,0
BRDA:15,3,0,2
BRDA:15,3,1,0
BRDA:24,4,0,1
BRDA:27,5,0,1
BRDA:35,6,0,1
BRDA:35,7,0,2
BRDA:35,7,1,2
BRF:12
BRH:7
end_of_record
TN:
SF:frontend/src/app/guards/client-only.guard.ts
FN:8,(anonymous_0)
FNF:1
FNH:1
FNDA:4,(anonymous_0)
DA:8,1
DA:9,4
DA:10,4
LF:3
LH:3
BRF:0
BRH:0
end_of_record
TN:
SF:frontend/src/app/layout/header/header.component.ts
FN:25,(anonymous_0)
FN:27,(anonymous_1)
FN:29,(anonymous_2)
FN:39,(anonymous_3)
FNF:4
FNH:4
FNDA:2,(anonymous_0)
FNDA:2,(anonymous_1)
FNDA:2,(anonymous_2)
FNDA:2,(anonymous_3)
DA:15,1
DA:16,4
DA:17,4
DA:18,4
DA:19,4
DA:21,4
DA:22,4
DA:23,4
DA:25,2
DA:29,2
DA:30,2
DA:31,2
DA:32,2
DA:36,2
DA:40,2
DA:41,2
DA:42,2
LF:17
LH:17
BRDA:36,0,0,1
BRF:1
BRH:1
end_of_record
TN:
SF:frontend/src/app/pages/appointment/appointment.component.ts
FN:50,(anonymous_0)
FN:80,(anonymous_1)
FN:82,(anonymous_2)
FN:88,(anonymous_3)
FN:99,(anonymous_4)
FN:118,(anonymous_5)
FN:123,(anonymous_6)
FN:124,(anonymous_7)
FN:127,(anonymous_8)
FN:133,(anonymous_9)
FN:138,(anonymous_10)
FN:140,(anonymous_11)
FN:145,(anonymous_12)
FN:148,(anonymous_13)
FN:149,(anonymous_14)
FN:152,(anonymous_15)
FN:152,(anonymous_16)
FN:152,(anonymous_17)
FN:156,(anonymous_18)
FN:157,(anonymous_19)
FN:160,(anonymous_20)
FN:160,(anonymous_21)
FN:160,(anonymous_22)
FN:164,(anonymous_23)
FN:165,(anonymous_24)
FN:167,(anonymous_25)
FN:168,(anonymous_26)
FN:169,(anonymous_27)
FN:174,(anonymous_28)
FN:180,(anonymous_29)
FN:183,(anonymous_30)
FN:193,(anonymous_31)
FN:200,(anonymous_32)
FN:206,(anonymous_33)
FN:216,(anonymous_34)
FN:230,(anonymous_35)
FN:237,(anonymous_36)
FN:241,(anonymous_37)
FN:246,(anonymous_38)
FN:272,(anonymous_39)
FN:278,(anonymous_40)
FN:300,(anonymous_41)
FN:304,(anonymous_42)
FN:320,(anonymous_43)
FN:326,(anonymous_44)
FN:329,(anonymous_45)
FN:329,(anonymous_46)
FN:330,(anonymous_47)
FN:332,(anonymous_48)
FN:335,(anonymous_49)
FN:350,(anonymous_50)
FN:352,(anonymous_51)
FN:355,(anonymous_52)
FN:359,(anonymous_53)
FN:362,(anonymous_54)
FN:364,(anonymous_55)
FN:366,(anonymous_56)
FNF:57
FNH:54
FNDA:37,(anonymous_0)
FNDA:35,(anonymous_1)
FNDA:10,(anonymous_2)
FNDA:9,(anonymous_3)
FNDA:10,(anonymous_4)
FNDA:9,(anonymous_5)
FNDA:2,(anonymous_6)
FNDA:2,(anonymous_7)
FNDA:10,(anonymous_8)
FNDA:1,(anonymous_9)
FNDA:10,(anonymous_10)
FNDA:14,(anonymous_11)
FNDA:14,(anonymous_12)
FNDA:9,(anonymous_13)
FNDA:9,(anonymous_14)
FNDA:9,(anonymous_15)
FNDA:0,(anonymous_16)
FNDA:9,(anonymous_17)
FNDA:1,(anonymous_18)
FNDA:1,(anonymous_19)
FNDA:1,(anonymous_20)
FNDA:0,(anonymous_21)
FNDA:1,(anonymous_22)
FNDA:1,(anonymous_23)
FNDA:1,(anonymous_24)
FNDA:1,(anonymous_25)
FNDA:0,(anonymous_26)
FNDA:1,(anonymous_27)
FNDA:16,(anonymous_28)
FNDA:14,(anonymous_29)
FNDA:2,(anonymous_30)
FNDA:2,(anonymous_31)
FNDA:16,(anonymous_32)
FNDA:5,(anonymous_33)
FNDA:3,(anonymous_34)
FNDA:9,(anonymous_35)
FNDA:22,(anonymous_36)
FNDA:11,(anonymous_37)
FNDA:5,(anonymous_38)
FNDA:4,(anonymous_39)
FNDA:7,(anonymous_40)
FNDA:2,(anonymous_41)
FNDA:1,(anonymous_42)
FNDA:3,(anonymous_43)
FNDA:4,(anonymous_44)
FNDA:2,(anonymous_45)
FNDA:3,(anonymous_46)
FNDA:1,(anonymous_47)
FNDA:3,(anonymous_48)
FNDA:6,(anonymous_49)
FNDA:2,(anonymous_50)
FNDA:4,(anonymous_51)
FNDA:1,(anonymous_52)
FNDA:3,(anonymous_53)
FNDA:12,(anonymous_54)
FNDA:3,(anonymous_55)
FNDA:2,(anonymous_56)
DA:37,1
DA:49,1
DA:51,37
DA:52,37
DA:53,37
DA:54,37
DA:55,37
DA:56,37
DA:58,37
DA:67,37
DA:68,37
DA:69,37
DA:70,37
DA:71,37
DA:72,37
DA:74,37
DA:75,37
DA:76,37
DA:77,37
DA:78,37
DA:80,35
DA:83,10
DA:84,10
DA:85,10
DA:89,9
DA:90,9
DA:91,9
DA:92,9
DA:93,3
DA:94,3
DA:95,2
DA:96,1
DA:100,10
DA:102,9
DA:103,9
DA:109,9
DA:110,9
DA:111,9
DA:112,9
DA:114,9
DA:119,9
DA:120,9
DA:123,9
DA:124,9
DA:128,10
DA:129,9
DA:130,8
DA:131,3
DA:132,2
DA:133,1
DA:134,1
DA:135,0
DA:139,10
DA:140,14
DA:145,14
DA:149,9
DA:150,9
DA:151,9
DA:152,9
DA:157,1
DA:158,1
DA:159,1
DA:160,1
DA:165,1
DA:166,1
DA:167,1
DA:168,0
DA:169,1
DA:175,16
DA:176,16
DA:178,16
DA:181,14
DA:182,14
DA:183,13
DA:184,2
DA:185,2
DA:186,2
DA:189,2
DA:191,14
DA:194,2
DA:195,2
DA:200,16
DA:201,16
DA:202,16
DA:207,5
DA:208,4
DA:209,4
DA:210,4
DA:211,4
DA:212,4
DA:213,0
DA:217,3
DA:218,3
DA:219,2
DA:220,2
DA:221,2
DA:222,4
DA:223,4
DA:224,4
DA:227,3
DA:231,9
DA:232,9
DA:233,9
DA:234,9
DA:235,9
DA:236,2
DA:237,22
DA:238,0
DA:242,11
DA:244,11
DA:245,5
DA:246,5
DA:247,5
DA:248,2
DA:249,2
DA:250,2
DA:252,3
DA:253,3
DA:254,3
DA:255,3
DA:256,1
DA:257,2
DA:258,1
DA:260,3
DA:263,6
DA:264,6
DA:265,6
DA:266,3
DA:267,3
DA:268,1
DA:273,4
DA:274,4
DA:275,4
DA:279,7
DA:280,6
DA:282,5
DA:283,5
DA:285,4
DA:290,4
DA:291,2
DA:292,2
DA:293,1
DA:296,3
DA:297,3
DA:299,3
DA:301,2
DA:302,2
DA:305,1
DA:306,1
DA:315,1
DA:316,1
DA:320,3
DA:321,3
DA:322,3
DA:327,4
DA:328,3
DA:329,3
DA:330,1
DA:332,3
DA:336,6
DA:337,1
DA:338,1
DA:340,5
DA:341,1
DA:342,1
DA:344,4
DA:345,1
DA:346,1
DA:349,3
DA:351,2
DA:352,4
DA:353,2
DA:356,1
DA:359,3
DA:363,12
DA:364,11
DA:365,11
DA:366,10
DA:367,10
LF:179
LH:175
BRDA:84,0,0,10
BRDA:85,1,0,4
BRDA:85,1,1,6
BRDA:89,2,0,0
BRDA:92,3,0,6
BRDA:100,4,0,1
BRDA:110,5,0,9
BRDA:110,5,1,7
BRDA:110,5,2,7
BRDA:111,6,0,2
BRDA:111,6,1,7
BRDA:111,7,0,9
BRDA:111,7,1,8
BRDA:112,8,0,9
BRDA:112,8,1,7
BRDA:112,9,0,9
BRDA:112,9,1,7
BRDA:112,9,2,7
BRDA:112,9,3,7
BRDA:112,9,4,7
BRDA:112,9,5,7
BRDA:116,10,0,1
BRDA:116,10,1,8
BRDA:117,11,0,1
BRDA:117,11,1,8
BRDA:128,12,0,1
BRDA:129,13,0,1
BRDA:130,14,0,5
BRDA:131,15,0,1
BRDA:132,16,0,1
BRDA:134,17,0,1
BRDA:139,18,0,10
BRDA:139,18,1,0
BRDA:141,19,0,14
BRDA:141,19,1,10
BRDA:141,19,2,5
BRDA:141,19,3,5
BRDA:142,20,0,14
BRDA:142,20,1,10
BRDA:142,20,2,5
BRDA:142,20,3,0
BRDA:167,21,0,1
BRDA:167,21,1,1
BRDA:182,22,0,10
BRDA:182,22,1,4
BRDA:182,23,0,4
BRDA:182,23,1,1
BRDA:182,23,2,0
BRDA:183,24,0,13
BRDA:183,24,1,0
BRDA:207,25,0,1
BRDA:224,26,0,4
BRDA:235,27,0,7
BRDA:244,28,0,5
BRDA:244,29,0,11
BRDA:244,29,1,7
BRDA:246,30,0,5
BRDA:246,30,1,0
BRDA:247,31,0,2
BRDA:247,32,0,5
BRDA:247,32,1,4
BRDA:252,33,0,3
BRDA:252,33,1,0
BRDA:255,34,0,1
BRDA:255,34,1,2
BRDA:255,35,0,3
BRDA:255,35,1,2
BRDA:257,36,0,1
BRDA:265,37,0,3
BRDA:265,37,1,3
BRDA:265,38,0,6
BRDA:265,38,1,5
BRDA:267,39,0,1
BRDA:279,40,0,1
BRDA:280,41,0,1
BRDA:283,42,0,1
BRDA:290,43,0,2
BRDA:292,44,0,1
BRDA:305,45,0,1
BRDA:305,45,1,0
BRDA:305,45,2,0
BRDA:315,46,0,1
BRDA:315,46,1,0
BRDA:315,46,2,0
BRDA:327,47,0,1
BRDA:336,48,0,1
BRDA:336,49,0,6
BRDA:336,49,1,1
BRDA:336,49,2,0
BRDA:340,50,0,1
BRDA:340,51,0,5
BRDA:340,51,1,1
BRDA:340,51,2,1
BRDA:344,52,0,1
BRDA:344,53,0,4
BRDA:344,53,1,1
BRDA:351,54,0,2
BRDA:351,54,1,1
BRDA:352,55,0,2
BRDA:352,55,1,2
BRDA:352,56,0,2
BRDA:352,56,1,0
BRDA:363,57,0,1
BRDA:365,58,0,1
BRDA:367,59,0,10
BRDA:367,59,1,9
BRF:106
BRH:93
end_of_record
TN:
SF:frontend/src/app/pages/cart/cart.component.ts
FN:25,(anonymous_0)
FN:28,(anonymous_1)
FN:37,(anonymous_2)
FN:41,(anonymous_3)
FN:44,(anonymous_4)
FN:47,(anonymous_5)
FN:50,(anonymous_6)
FN:58,(anonymous_7)
FN:63,(anonymous_8)
FN:64,(anonymous_9)
FN:68,(anonymous_10)
FN:75,(anonymous_11)
FN:83,(anonymous_12)
FN:85,(anonymous_13)
FN:87,(anonymous_14)
FN:89,(anonymous_15)
FN:97,(anonymous_16)
FN:102,(anonymous_17)
FN:103,(anonymous_18)
FN:107,(anonymous_19)
FN:110,(anonymous_20)
FN:111,(anonymous_21)
FNF:22
FNH:22
FNDA:2,(anonymous_0)
FNDA:3,(anonymous_1)
FNDA:26,(anonymous_2)
FNDA:18,(anonymous_3)
FNDA:2,(anonymous_4)
FNDA:2,(anonymous_5)
FNDA:4,(anonymous_6)
FNDA:3,(anonymous_7)
FNDA:1,(anonymous_8)
FNDA:1,(anonymous_9)
FNDA:5,(anonymous_10)
FNDA:6,(anonymous_11)
FNDA:8,(anonymous_12)
FNDA:4,(anonymous_13)
FNDA:6,(anonymous_14)
FNDA:4,(anonymous_15)
FNDA:4,(anonymous_16)
FNDA:2,(anonymous_17)
FNDA:1,(anonymous_18)
FNDA:2,(anonymous_19)
FNDA:1,(anonymous_20)
FNDA:1,(anonymous_21)
DA:13,1
DA:14,19
DA:17,19
DA:19,19
DA:20,19
DA:21,19
DA:22,19
DA:23,19
DA:27,2
DA:28,2
DA:29,3
DA:30,3
DA:31,3
DA:33,2
DA:38,26
DA:42,18
DA:45,2
DA:48,2
DA:53,4
DA:54,4
DA:59,3
DA:60,3
DA:61,2
DA:62,2
DA:63,1
DA:64,1
DA:69,5
DA:70,5
DA:71,4
DA:72,3
DA:76,6
DA:77,6
DA:78,5
DA:79,5
DA:84,8
DA:85,8
DA:86,8
DA:88,6
DA:89,4
DA:98,4
DA:99,4
DA:100,3
DA:101,3
DA:102,2
DA:103,1
DA:108,2
DA:109,2
DA:110,1
DA:111,1
LF:49
LH:49
BRDA:29,0,0,3
BRDA:29,0,1,0
BRDA:30,1,0,3
BRDA:30,1,1,0
BRDA:38,2,0,26
BRDA:38,2,1,22
BRDA:42,3,0,0
BRDA:42,3,1,18
BRDA:42,4,0,18
BRDA:42,4,1,4
BRDA:45,5,0,2
BRDA:45,5,1,0
BRDA:45,6,0,2
BRDA:45,6,1,0
BRDA:48,7,0,2
BRDA:48,7,1,0
BRDA:48,8,0,2
BRDA:48,8,1,0
BRDA:53,9,0,4
BRDA:53,9,1,4
BRDA:54,10,0,4
BRDA:54,10,1,0
BRDA:54,11,0,4
BRDA:54,11,1,0
BRDA:54,12,0,0
BRDA:54,12,1,0
BRDA:60,13,0,1
BRDA:70,14,0,1
BRDA:71,15,0,1
BRDA:71,16,0,4
BRDA:71,16,1,0
BRDA:72,17,0,3
BRDA:72,17,1,0
BRDA:77,18,0,1
BRDA:78,19,0,5
BRDA:78,19,1,1
BRDA:99,20,0,1
BRF:37
BRH:24
end_of_record
TN:
SF:frontend/src/app/pages/post/post-editor.component.ts
FN:55,(anonymous_0)
FN:62,(anonymous_1)
FN:67,(anonymous_2)
FN:79,(anonymous_3)
FN:85,(anonymous_4)
FN:91,(anonymous_5)
FN:93,(anonymous_6)
FN:95,(anonymous_7)
FN:97,(anonymous_8)
FN:102,(anonymous_9)
FN:123,(anonymous_10)
FN:138,(anonymous_11)
FN:144,(anonymous_12)
FN:149,(anonymous_13)
FN:166,(anonymous_14)
FN:172,(anonymous_15)
FN:190,(anonymous_16)
FN:192,(anonymous_17)
FN:199,(anonymous_18)
FN:208,(anonymous_19)
FN:218,(anonymous_20)
FN:220,(anonymous_21)
FN:224,(anonymous_22)
FNF:23
FNH:23
FNDA:34,(anonymous_0)
FNDA:23,(anonymous_1)
FNDA:27,(anonymous_2)
FNDA:11,(anonymous_3)
FNDA:34,(anonymous_4)
FNDA:33,(anonymous_5)
FNDA:32,(anonymous_6)
FNDA:4,(anonymous_7)
FNDA:1,(anonymous_8)
FNDA:4,(anonymous_9)
FNDA:36,(anonymous_10)
FNDA:3,(anonymous_11)
FNDA:23,(anonymous_12)
FNDA:27,(anonymous_13)
FNDA:5,(anonymous_14)
FNDA:15,(anonymous_15)
FNDA:10,(anonymous_16)
FNDA:5,(anonymous_17)
FNDA:5,(anonymous_18)
FNDA:7,(anonymous_19)
FNDA:5,(anonymous_20)
FNDA:1,(anonymous_21)
FNDA:4,(anonymous_22)
DA:26,1
DA:27,34
DA:28,34
DA:29,34
DA:30,34
DA:32,34
DA:33,34
DA:34,34
DA:35,34
DA:36,34
DA:38,34
DA:39,34
DA:42,34
DA:43,34
DA:44,34
DA:45,34
DA:46,34
DA:47,34
DA:49,34
DA:56,34
DA:57,27
DA:58,27
DA:59,27
DA:60,27
DA:62,27
DA:68,27
DA:69,27
DA:70,27
DA:71,26
DA:72,26
DA:73,26
DA:74,26
DA:75,26
DA:80,11
DA:81,11
DA:82,11
DA:86,34
DA:87,33
DA:88,33
DA:89,33
DA:91,33
DA:94,32
DA:95,32
DA:97,1
DA:103,4
DA:115,4
DA:116,4
DA:117,4
DA:118,4
DA:119,4
DA:124,36
DA:125,36
DA:127,36
DA:128,36
DA:129,36
DA:130,36
DA:133,36
DA:134,36
DA:139,3
DA:143,34
DA:145,23
DA:146,23
DA:150,27
DA:151,27
DA:152,26
DA:153,5
DA:154,4
DA:155,2
DA:167,5
DA:168,5
DA:173,15
DA:174,14
DA:175,4
DA:176,4
DA:178,10
DA:179,10
DA:180,10
DA:182,10
DA:188,10
DA:190,10
DA:193,5
DA:194,5
DA:195,5
DA:196,5
DA:197,5
DA:200,5
DA:201,4
DA:202,3
DA:203,2
DA:209,7
DA:210,6
DA:212,5
DA:213,5
DA:214,5
DA:216,5
DA:218,5
DA:221,1
DA:222,1
DA:225,4
DA:226,3
DA:227,1
DA:228,2
LF:102
LH:102
BRDA:56,0,0,27
BRDA:70,1,0,1
BRDA:72,2,0,26
BRDA:72,2,1,2
BRDA:73,3,0,26
BRDA:73,3,1,3
BRDA:73,3,2,3
BRDA:73,3,3,3
BRDA:73,3,4,3
BRDA:74,4,0,2
BRDA:75,5,0,24
BRDA:81,6,0,9
BRDA:81,6,1,2
BRDA:81,7,0,2
BRDA:81,7,1,1
BRDA:82,8,0,11
BRDA:82,8,1,11
BRDA:82,8,2,10
BRDA:86,9,0,1
BRDA:94,10,0,31
BRDA:94,10,1,1
BRDA:116,11,0,4
BRDA:116,11,1,1
BRDA:117,12,0,2
BRDA:117,12,1,2
BRDA:117,13,0,4
BRDA:117,13,1,3
BRDA:124,14,0,36
BRDA:124,14,1,34
BRDA:125,15,0,36
BRDA:125,15,1,31
BRDA:130,16,0,5
BRDA:130,16,1,31
BRDA:139,17,0,1
BRDA:139,18,0,3
BRDA:139,18,1,2
BRDA:152,19,0,21
BRDA:154,20,0,2
BRDA:154,21,0,4
BRDA:154,21,1,3
BRDA:157,22,0,2
BRDA:157,22,1,1
BRDA:158,23,0,2
BRDA:158,23,1,1
BRDA:159,24,0,2
BRDA:159,24,1,1
BRDA:173,25,0,1
BRDA:174,26,0,4
BRDA:200,27,0,1
BRDA:200,27,1,4
BRDA:201,28,0,1
BRDA:201,28,1,3
BRDA:202,29,0,1
BRDA:202,29,1,2
BRDA:203,30,0,2
BRDA:203,30,1,1
BRDA:209,31,0,1
BRDA:210,32,0,1
BRDA:225,33,0,1
BRDA:225,33,1,3
BRDA:226,34,0,1
BRDA:226,34,1,2
BRDA:228,35,0,2
BRDA:228,35,1,1
BRF:64
BRH:64
end_of_record
TN:
SF:frontend/src/app/pages/product/product.component.ts
FN:34,(anonymous_0)
FN:41,(anonymous_1)
FN:46,(anonymous_2)
FN:62,(anonymous_3)
FN:67,(anonymous_4)
FN:91,(anonymous_5)
FNF:6
FNH:6
FNDA:22,(anonymous_0)
FNDA:7,(anonymous_1)
FNDA:7,(anonymous_2)
FNDA:6,(anonymous_3)
FNDA:8,(anonymous_4)
FNDA:7,(anonymous_5)
DA:24,1
DA:25,22
DA:26,22
DA:28,22
DA:29,22
DA:31,22
DA:32,22
DA:35,22
DA:36,22
DA:37,22
DA:38,22
DA:42,7
DA:43,6
DA:47,7
DA:48,7
DA:49,7
DA:50,7
DA:51,7
DA:52,4
DA:54,3
DA:55,3
DA:57,7
DA:58,7
DA:63,6
DA:64,6
DA:68,8
DA:69,7
DA:70,7
DA:71,7
DA:72,7
DA:73,7
DA:74,7
DA:75,1
DA:76,1
DA:78,6
DA:79,4
DA:80,4
DA:81,4
DA:83,2
DA:84,2
DA:86,7
DA:87,7
DA:92,7
DA:94,6
DA:95,6
DA:98,6
DA:99,1
DA:100,1
DA:104,5
DA:105,5
DA:106,1
DA:107,1
DA:111,4
DA:112,4
DA:113,4
DA:122,1
DA:124,3
DA:125,1
DA:126,2
DA:127,1
DA:129,1
DA:132,4
DA:133,4
LF:63
LH:63
BRDA:42,0,0,1
BRDA:52,1,0,2
BRDA:52,1,1,2
BRDA:52,2,0,2
BRDA:52,2,1,1
BRDA:54,3,0,3
BRDA:54,3,1,1
BRDA:63,4,0,0
BRDA:68,5,0,1
BRDA:73,6,0,7
BRDA:73,6,1,0
BRDA:74,7,0,1
BRDA:79,8,0,3
BRDA:79,8,1,1
BRDA:80,9,0,1
BRDA:80,9,1,3
BRDA:80,10,0,3
BRDA:80,10,1,2
BRDA:83,11,0,2
BRDA:83,11,1,1
BRDA:92,12,0,1
BRDA:98,13,0,1
BRDA:105,14,0,1
BRDA:124,15,0,1
BRDA:124,15,1,2
BRDA:126,16,0,1
BRDA:126,16,1,1
BRDA:129,17,0,1
BRDA:129,17,1,0
BRF:29
BRH:26
end_of_record
TN:
SF:frontend/src/app/pages/profile-edit/profile-edit.component.ts
FN:45,(anonymous_0)
FN:49,(anonymous_1)
FN:67,(anonymous_2)
FN:70,(anonymous_3)
FN:74,(anonymous_4)
FN:76,(anonymous_5)
FN:80,(anonymous_6)
FN:101,(anonymous_7)
FN:125,(anonymous_8)
FN:127,(anonymous_9)
FN:142,(anonymous_10)
FN:146,(anonymous_11)
FN:155,(anonymous_12)
FN:186,(anonymous_13)
FN:188,(anonymous_14)
FN:195,(anonymous_15)
FN:197,(anonymous_16)
FN:210,(anonymous_17)
FN:217,(anonymous_18)
FN:222,(anonymous_19)
FNF:20
FNH:20
FNDA:16,(anonymous_0)
FNDA:32,(anonymous_1)
FNDA:2,(anonymous_2)
FNDA:28,(anonymous_3)
FNDA:9,(anonymous_4)
FNDA:8,(anonymous_5)
FNDA:19,(anonymous_6)
FNDA:9,(anonymous_7)
FNDA:8,(anonymous_8)
FNDA:6,(anonymous_9)
FNDA:1,(anonymous_10)
FNDA:2,(anonymous_11)
FNDA:21,(anonymous_12)
FNDA:10,(anonymous_13)
FNDA:5,(anonymous_14)
FNDA:4,(anonymous_15)
FNDA:5,(anonymous_16)
FNDA:5,(anonymous_17)
FNDA:1,(anonymous_18)
FNDA:3,(anonymous_19)
DA:34,1
DA:36,32
DA:37,32
DA:39,32
DA:40,32
DA:41,32
DA:46,16
DA:49,32
DA:50,32
DA:68,2
DA:71,28
DA:75,9
DA:76,9
DA:81,19
DA:82,19
DA:84,19
DA:85,3
DA:87,16
DA:89,15
DA:90,15
DA:91,15
DA:92,15
DA:93,15
DA:94,15
DA:95,5
DA:97,10
DA:102,9
DA:104,9
DA:105,9
DA:106,9
DA:107,9
DA:109,9
DA:117,9
DA:118,1
DA:119,1
DA:122,8
DA:123,8
DA:125,8
DA:128,6
DA:129,6
DA:136,6
DA:137,6
DA:138,6
DA:147,2
DA:148,1
DA:149,1
DA:151,1
DA:156,21
DA:157,1
DA:158,1
DA:160,20
DA:161,1
DA:162,1
DA:165,19
DA:166,19
DA:167,9
DA:168,9
DA:171,10
DA:172,10
DA:177,10
DA:178,10
DA:180,10
DA:181,10
DA:183,10
DA:184,10
DA:186,10
DA:189,5
DA:190,1
DA:191,1
DA:193,4
DA:194,4
DA:195,4
DA:198,5
DA:199,5
DA:200,5
DA:201,4
DA:202,3
DA:203,2
DA:204,5
DA:211,5
DA:214,5
DA:216,4
DA:218,1
DA:219,1
DA:220,1
DA:223,3
DA:224,3
LF:87
LH:87
BRDA:46,0,0,16
BRDA:46,0,1,16
BRDA:76,1,0,8
BRDA:81,2,0,19
BRDA:81,2,1,1
BRDA:82,3,0,19
BRDA:82,3,1,1
BRDA:84,4,0,3
BRDA:84,5,0,19
BRDA:84,5,1,17
BRDA:87,6,0,1
BRDA:94,7,0,5
BRDA:94,8,0,15
BRDA:94,8,1,14
BRDA:94,8,2,13
BRDA:94,8,3,12
BRDA:94,8,4,11
BRDA:105,9,0,8
BRDA:105,9,1,1
BRDA:105,10,0,9
BRDA:105,10,1,1
BRDA:110,11,0,9
BRDA:110,11,1,1
BRDA:111,12,0,9
BRDA:111,12,1,1
BRDA:112,13,0,9
BRDA:112,13,1,1
BRDA:113,14,0,8
BRDA:113,14,1,1
BRDA:114,15,0,9
BRDA:114,15,1,9
BRDA:117,16,0,1
BRDA:128,17,0,6
BRDA:130,18,0,6
BRDA:130,18,1,0
BRDA:130,18,2,0
BRDA:131,19,0,6
BRDA:131,19,1,1
BRDA:131,19,2,0
BRDA:132,20,0,6
BRDA:132,20,1,1
BRDA:132,20,2,0
BRDA:133,21,0,5
BRDA:133,21,1,1
BRDA:134,22,0,6
BRDA:134,22,1,6
BRDA:134,22,2,5
BRDA:136,23,0,6
BRDA:147,24,0,1
BRDA:156,25,0,1
BRDA:160,26,0,1
BRDA:166,27,0,9
BRDA:177,28,0,9
BRDA:177,29,0,10
BRDA:177,29,1,9
BRDA:178,30,0,1
BRDA:178,31,0,1
BRDA:178,31,1,0
BRDA:180,32,0,10
BRDA:180,32,1,0
BRDA:181,33,0,10
BRDA:181,33,1,0
BRDA:189,34,0,1
BRDA:193,35,0,4
BRDA:198,36,0,5
BRDA:198,36,1,1
BRDA:198,36,2,1
BRDA:200,37,0,1
BRDA:200,37,1,4
BRDA:201,38,0,1
BRDA:201,38,1,3
BRDA:202,39,0,1
BRDA:202,39,1,2
BRDA:203,40,0,1
BRDA:214,41,0,1
BRDA:223,42,0,3
BRDA:223,42,1,2
BRDA:223,42,2,1
BRDA:224,43,0,3
BRDA:224,43,1,1
BRF:80
BRH:73
end_of_record
TN:
SF:frontend/src/app/services/appointment.service.ts
FN:11,(anonymous_0)
FN:13,(anonymous_1)
FN:14,(anonymous_2)
FN:20,(anonymous_3)
FN:21,(anonymous_4)
FN:22,(anonymous_5)
FN:23,(anonymous_6)
FNF:7
FNH:7
FNDA:1,(anonymous_0)
FNDA:4,(anonymous_1)
FNDA:4,(anonymous_2)
FNDA:1,(anonymous_3)
FNDA:1,(anonymous_4)
FNDA:1,(anonymous_5)
FNDA:1,(anonymous_6)
DA:8,1
DA:9,1
DA:11,1
DA:13,4
DA:15,4
DA:16,4
DA:17,4
DA:20,1
DA:21,1
DA:22,1
DA:24,1
LF:11
LH:11
BRDA:16,0,0,4
BRDA:17,1,0,4
BRDA:17,1,1,0
BRF:3
BRH:2
end_of_record
TN:
SF:frontend/src/app/services/availability.service.ts
FN:13,(anonymous_0)
FN:15,(anonymous_1)
FN:16,(anonymous_2)
FN:25,(anonymous_3)
FN:29,(anonymous_4)
FN:30,(anonymous_5)
FN:33,(anonymous_6)
FN:38,(anonymous_7)
FN:45,(anonymous_8)
FN:47,(anonymous_9)
FN:47,(anonymous_10)
FN:54,(anonymous_11)
FN:56,(anonymous_12)
FN:65,(anonymous_13)
FNF:14
FNH:14
FNDA:12,(anonymous_0)
FNDA:15,(anonymous_1)
FNDA:15,(anonymous_2)
FNDA:7,(anonymous_3)
FNDA:2,(anonymous_4)
FNDA:5,(anonymous_5)
FNDA:2,(anonymous_6)
FNDA:3,(anonymous_7)
FNDA:2,(anonymous_8)
FNDA:1,(anonymous_9)
FNDA:1,(anonymous_10)
FNDA:4,(anonymous_11)
FNDA:4,(anonymous_12)
FNDA:1,(anonymous_13)
DA:10,1
DA:11,12
DA:13,12
DA:15,15
DA:17,15
DA:18,15
DA:26,7
DA:28,7
DA:29,2
DA:31,5
DA:32,5
DA:33,5
DA:36,3
DA:38,3
DA:42,3
DA:44,3
DA:45,2
DA:47,1
DA:55,4
DA:57,4
DA:58,3
DA:59,2
DA:66,1
LF:23
LH:23
BRDA:17,0,0,14
BRDA:17,0,1,1
BRDA:20,1,0,0
BRDA:20,1,1,15
BRDA:29,2,0,2
BRDA:29,2,1,1
BRDA:31,3,0,5
BRDA:31,3,1,0
BRDA:32,4,0,5
BRDA:32,4,1,4
BRDA:33,5,0,2
BRDA:38,6,0,3
BRDA:38,6,1,1
BRDA:38,7,0,3
BRDA:38,7,1,1
BRDA:45,8,0,2
BRDA:45,8,1,0
BRDA:57,9,0,1
BRDA:58,10,0,1
BRDA:59,11,0,2
BRDA:59,11,1,1
BRF:21
BRH:18
end_of_record
TN:
SF:frontend/src/app/services/cart.service.ts
FN:33,(anonymous_0)
FN:38,(anonymous_1)
FN:49,(anonymous_2)
FN:59,(anonymous_3)
FN:62,(anonymous_4)
FN:65,(anonymous_5)
FN:68,(anonymous_6)
FN:71,(anonymous_7)
FN:74,(anonymous_8)
FN:77,(anonymous_9)
FN:80,(anonymous_10)
FNF:11
FNH:11
FNDA:5,(anonymous_0)
FNDA:6,(anonymous_1)
FNDA:6,(anonymous_2)
FNDA:1,(anonymous_3)
FNDA:1,(anonymous_4)
FNDA:3,(anonymous_5)
FNDA:3,(anonymous_6)
FNDA:1,(anonymous_7)
FNDA:1,(anonymous_8)
FNDA:1,(anonymous_9)
FNDA:1,(anonymous_10)
DA:27,1
DA:28,5
DA:29,5
DA:31,5
DA:34,5
DA:35,5
DA:39,6
DA:40,6
DA:41,6
DA:43,6
DA:50,6
DA:51,6
DA:55,6
DA:56,6
DA:60,1
DA:62,1
DA:66,3
DA:68,3
DA:72,1
DA:74,1
DA:78,1
DA:80,1
LF:22
LH:22
BRDA:40,0,0,6
BRDA:45,1,0,1
BRDA:45,1,1,5
BRDA:50,2,0,6
BRDA:50,2,1,3
BRDA:50,2,2,0
BRDA:52,3,0,5
BRDA:52,3,1,1
BRDA:53,4,0,6
BRDA:53,4,1,1
BRF:10
BRH:9
end_of_record
TN:
SF:frontend/src/app/services/post-api.service.ts
FN:18,(anonymous_0)
FN:20,(anonymous_1)
FN:31,(anonymous_2)
FN:33,(anonymous_3)
FN:38,(anonymous_4)
FN:41,(anonymous_5)
FN:45,(anonymous_6)
FN:51,(anonymous_7)
FN:54,(anonymous_8)
FN:59,(anonymous_9)
FN:65,(anonymous_10)
FNF:11
FNH:11
FNDA:9,(anonymous_0)
FNDA:9,(anonymous_1)
FNDA:4,(anonymous_2)
FNDA:4,(anonymous_3)
FNDA:4,(anonymous_4)
FNDA:3,(anonymous_5)
FNDA:1,(anonymous_6)
FNDA:3,(anonymous_7)
FNDA:3,(anonymous_8)
FNDA:1,(anonymous_9)
FNDA:1,(anonymous_10)
DA:15,1
DA:16,9
DA:18,9
DA:21,9
DA:22,9
DA:23,9
DA:25,9
DA:26,9
DA:27,9
DA:32,4
DA:33,4
DA:39,4
DA:40,4
DA:42,3
DA:43,2
DA:45,1
DA:52,3
DA:53,3
DA:54,3
DA:60,1
DA:61,1
DA:66,1
DA:67,1
LF:23
LH:23
BRDA:22,0,0,9
BRDA:26,1,0,4
BRDA:33,2,0,1
BRDA:33,2,1,3
BRDA:33,3,0,3
BRDA:33,3,1,2
BRDA:42,4,0,2
BRDA:42,5,0,3
BRDA:42,5,1,2
BRDA:54,6,0,1
BRDA:54,6,1,2
BRDA:54,7,0,2
BRDA:54,7,1,1
BRF:13
BRH:13
end_of_record
TN:
SF:frontend/src/app/services/user.service.ts
FN:30,(anonymous_0)
FN:37,(anonymous_1)
FN:38,(anonymous_2)
FN:42,(anonymous_3)
FN:46,(anonymous_4)
FN:52,(anonymous_5)
FN:53,(anonymous_6)
FN:54,(anonymous_7)
FN:56,(anonymous_8)
FN:57,(anonymous_9)
FN:59,(anonymous_10)
FN:60,(anonymous_11)
FN:62,(anonymous_12)
FN:68,(anonymous_13)
FN:80,(anonymous_14)
FN:95,(anonymous_15)
FN:105,(anonymous_16)
FN:109,(anonymous_17)
FN:115,(anonymous_18)
FN:120,(anonymous_19)
FN:134,(anonymous_20)
FN:136,(anonymous_21)
FN:142,(anonymous_22)
FN:150,(anonymous_23)
FN:155,(anonymous_24)
FN:162,(anonymous_25)
FN:167,(anonymous_26)
FN:172,(anonymous_27)
FN:176,(anonymous_28)
FN:178,(anonymous_29)
FN:180,(anonymous_30)
FN:183,(anonymous_31)
FN:186,(anonymous_32)
FN:190,(anonymous_33)
FN:194,(anonymous_34)
FNF:35
FNH:35
FNDA:23,(anonymous_0)
FNDA:76,(anonymous_1)
FNDA:47,(anonymous_2)
FNDA:23,(anonymous_3)
FNDA:6,(anonymous_4)
FNDA:44,(anonymous_5)
FNDA:15,(anonymous_6)
FNDA:2,(anonymous_7)
FNDA:1,(anonymous_8)
FNDA:4,(anonymous_9)
FNDA:2,(anonymous_10)
FNDA:4,(anonymous_11)
FNDA:5,(anonymous_12)
FNDA:23,(anonymous_13)
FNDA:23,(anonymous_14)
FNDA:7,(anonymous_15)
FNDA:1,(anonymous_16)
FNDA:1,(anonymous_17)
FNDA:1,(anonymous_18)
FNDA:5,(anonymous_19)
FNDA:3,(anonymous_20)
FNDA:3,(anonymous_21)
FNDA:1,(anonymous_22)
FNDA:2,(anonymous_23)
FNDA:2,(anonymous_24)
FNDA:1,(anonymous_25)
FNDA:1,(anonymous_26)
FNDA:1,(anonymous_27)
FNDA:4,(anonymous_28)
FNDA:3,(anonymous_29)
FNDA:4,(anonymous_30)
FNDA:4,(anonymous_31)
FNDA:1,(anonymous_32)
FNDA:1,(anonymous_33)
FNDA:1,(anonymous_34)
DA:27,1
DA:28,23
DA:31,23
DA:32,23
DA:33,23
DA:37,76
DA:39,47
DA:40,40
DA:43,23
DA:44,20
DA:47,6
DA:48,3
DA:52,44
DA:53,15
DA:54,2
DA:56,1
DA:57,4
DA:59,2
DA:60,4
DA:63,5
DA:64,5
DA:69,23
DA:70,21
DA:71,21
DA:72,21
DA:73,21
DA:74,21
DA:75,20
DA:76,2
DA:83,23
DA:84,23
DA:85,23
DA:86,23
DA:87,23
DA:88,23
DA:89,23
DA:90,23
DA:91,23
DA:96,7
DA:97,7
DA:98,6
DA:99,6
DA:100,6
DA:101,6
DA:106,1
DA:110,1
DA:116,1
DA:121,5
DA:122,5
DA:132,5
DA:133,4
DA:135,3
DA:136,3
DA:137,3
DA:140,3
DA:142,1
DA:146,1
DA:151,2
DA:156,2
DA:157,2
DA:158,1
DA:163,1
DA:168,1
DA:173,1
DA:177,4
DA:179,3
DA:180,3
DA:181,4
DA:182,4
DA:183,4
DA:184,3
DA:186,1
DA:191,1
DA:195,1
LF:74
LH:74
BRDA:39,0,0,7
BRDA:43,1,0,3
BRDA:47,2,0,3
BRDA:64,3,0,4
BRDA:64,3,1,1
BRDA:69,4,0,2
BRDA:72,5,0,21
BRDA:72,5,1,1
BRDA:73,6,0,1
BRDA:84,7,0,23
BRDA:84,7,1,16
BRDA:84,7,2,14
BRDA:84,7,3,11
BRDA:84,7,4,9
BRDA:84,7,5,7
BRDA:85,8,0,23
BRDA:85,8,1,15
BRDA:86,9,0,23
BRDA:86,9,1,17
BRDA:87,10,0,23
BRDA:87,10,1,21
BRDA:88,11,0,23
BRDA:88,11,1,21
BRDA:89,12,0,23
BRDA:89,12,1,21
BRDA:90,13,0,23
BRDA:90,13,1,21
BRDA:91,14,0,18
BRDA:91,14,1,5
BRDA:97,15,0,1
BRDA:99,16,0,2
BRDA:100,17,0,2
BRDA:123,18,0,5
BRDA:123,18,1,0
BRDA:124,19,0,5
BRDA:124,19,1,0
BRDA:125,20,0,5
BRDA:125,20,1,1
BRDA:126,21,0,5
BRDA:126,21,1,5
BRDA:127,22,0,5
BRDA:127,22,1,5
BRDA:128,23,0,5
BRDA:128,23,1,5
BRDA:129,24,0,5
BRDA:129,24,1,5
BRDA:132,25,0,4
BRDA:132,26,0,5
BRDA:132,26,1,0
BRDA:135,27,0,3
BRDA:135,27,1,2
BRDA:135,27,2,1
BRDA:135,27,3,0
BRDA:136,28,0,3
BRDA:136,28,1,0
BRDA:137,29,0,3
BRDA:137,29,1,3
BRDA:137,30,0,3
BRDA:137,30,1,0
BRDA:137,31,0,3
BRDA:137,31,1,0
BRDA:138,32,0,3
BRDA:138,32,1,3
BRDA:138,33,0,3
BRDA:138,33,1,3
BRDA:157,34,0,1
BRDA:179,35,0,3
BRDA:179,35,1,2
BRDA:179,35,2,1
BRDA:180,36,0,3
BRDA:180,36,1,0
BRDA:181,37,0,4
BRDA:181,37,1,2
BRDA:182,38,0,4
BRDA:182,38,1,2
BRDA:182,39,0,4
BRDA:182,39,1,4
BRF:77
BRH:69
end_of_record
